android/app/build/intermediates/manifest_merge_blame_file/debug/manifest-merger-blame-debug-report.txt
1<?xml version="1.0" encoding="utf-8"?>
2<manifest xmlns:android="http://schemas.android.com/apk/res/android"
3    package="com.sagaapp"
4    android:versionCode="1"
5    android:versionName="1.0" >
6
7    <uses-sdk
8        android:minSdkVersion="21"
9        android:targetSdkVersion="31" />
10
11    <uses-permission android:name="android.permission.SYSTEM_ALERT_WINDOW" />
11-->src/debug/AndroidManifest.xml:5:5-77
11-->src/debug/AndroidManifest.xml:5:22-75
12    <uses-permission android:name="android.permission.INTERNET" />
12-->src/main/AndroidManifest.xml:4:5-67
12-->src/main/AndroidManifest.xml:4:22-64
13    <uses-permission android:name="android.permission.ACCESS_WIFI_STATE" />
13-->[com.facebook.flipper:flipper:0.125.0] AndroidManifest.xml:16:5-76
13-->[com.facebook.flipper:flipper:0.125.0] AndroidManifest.xml:16:22-73
14    <uses-permission android:name="android.permission.WAKE_LOCK" />
14-->[androidx.work:work-runtime:2.7.1] AndroidManifest.xml:25:5-68
14-->[androidx.work:work-runtime:2.7.1] AndroidManifest.xml:25:22-65
15    <uses-permission android:name="android.permission.ACCESS_NETWORK_STATE" />
15-->[androidx.work:work-runtime:2.7.1] AndroidManifest.xml:26:5-79
15-->[androidx.work:work-runtime:2.7.1] AndroidManifest.xml:26:22-76
16    <uses-permission android:name="android.permission.RECEIVE_BOOT_COMPLETED" />
16-->[androidx.work:work-runtime:2.7.1] AndroidManifest.xml:27:5-81
16-->[androidx.work:work-runtime:2.7.1] AndroidManifest.xml:27:22-78
17    <uses-permission android:name="android.permission.FOREGROUND_SERVICE" />
17-->[androidx.work:work-runtime:2.7.1] AndroidManifest.xml:28:5-77
17-->[androidx.work:work-runtime:2.7.1] AndroidManifest.xml:28:22-74
18
19    <uses-feature
19-->[com.google.android.gms:play-services-maps:18.0.2] AndroidManifest.xml:26:5-28:35
20        android:glEsVersion="0x00020000"
20-->[com.google.android.gms:play-services-maps:18.0.2] AndroidManifest.xml:27:9-41
21        android:required="true" />
21-->[com.google.android.gms:play-services-maps:18.0.2] AndroidManifest.xml:28:9-32
22
23    <queries>
23-->[com.google.android.gms:play-services-maps:18.0.2] AndroidManifest.xml:30:5-34:15
24
25        <!-- Needs to be explicitly declared on Android R+ -->
26        <package android:name="com.google.android.apps.maps" />
26-->[com.google.android.gms:play-services-maps:18.0.2] AndroidManifest.xml:33:9-64
26-->[com.google.android.gms:play-services-maps:18.0.2] AndroidManifest.xml:33:18-61
27    </queries>
28
29    <application
29-->src/main/AndroidManifest.xml:6:5-25:19
30        android:name="com.sagaapp.MainApplication"
30-->src/main/AndroidManifest.xml:7:7-38
31        android:allowBackup="false"
31-->src/main/AndroidManifest.xml:11:7-34
32        android:appComponentFactory="androidx.core.app.CoreComponentFactory"
32-->[androidx.core:core:1.6.0] AndroidManifest.xml:24:18-86
33        android:debuggable="true"
34        android:icon="@mipmap/ic_launcher"
34-->src/main/AndroidManifest.xml:9:7-41
35        android:label="@string/app_name"
35-->src/main/AndroidManifest.xml:8:7-39
36        android:roundIcon="@mipmap/ic_launcher_round"
36-->src/main/AndroidManifest.xml:10:7-52
37        android:theme="@style/AppTheme"
37-->src/main/AndroidManifest.xml:12:7-38
38        android:usesCleartextTraffic="true" >
38-->src/debug/AndroidManifest.xml:8:9-44
39        <activity
39-->src/debug/AndroidManifest.xml:11:9-111
40            android:name="com.facebook.react.devsupport.DevSettingsActivity"
40-->src/debug/AndroidManifest.xml:11:19-83
41            android:exported="false" />
41-->src/debug/AndroidManifest.xml:11:84-108
42        <activity
42-->src/main/AndroidManifest.xml:13:7-24:18
43            android:name="com.sagaapp.MainActivity"
43-->src/main/AndroidManifest.xml:14:9-37
44            android:configChanges="keyboard|keyboardHidden|orientation|screenLayout|screenSize|smallestScreenSize|uiMode"
44-->src/main/AndroidManifest.xml:16:9-118
45            android:exported="true"
45-->src/main/AndroidManifest.xml:19:9-32
46            android:label="@string/app_name"
46-->src/main/AndroidManifest.xml:15:9-41
47            android:launchMode="singleTask"
47-->src/main/AndroidManifest.xml:17:9-40
48            android:windowSoftInputMode="adjustResize" >
48-->src/main/AndroidManifest.xml:18:9-51
49            <intent-filter>
49-->src/main/AndroidManifest.xml:20:9-23:25
50                <action android:name="android.intent.action.MAIN" />
50-->src/main/AndroidManifest.xml:21:13-65
50-->src/main/AndroidManifest.xml:21:21-62
51
52                <category android:name="android.intent.category.LAUNCHER" />
52-->src/main/AndroidManifest.xml:22:13-73
52-->src/main/AndroidManifest.xml:22:23-70
53            </intent-filter>
54        </activity>
55
56        <provider
56-->[androidx.work:work-runtime:2.7.1] AndroidManifest.xml:31:9-39:20
57            android:name="androidx.startup.InitializationProvider"
57-->[androidx.work:work-runtime:2.7.1] AndroidManifest.xml:32:13-67
58            android:authorities="com.sagaapp.androidx-startup"
58-->[androidx.work:work-runtime:2.7.1] AndroidManifest.xml:33:13-68
59            android:exported="false" >
59-->[androidx.work:work-runtime:2.7.1] AndroidManifest.xml:34:13-37
60            <meta-data
60-->[androidx.work:work-runtime:2.7.1] AndroidManifest.xml:36:13-38:52
61                android:name="androidx.work.WorkManagerInitializer"
61-->[androidx.work:work-runtime:2.7.1] AndroidManifest.xml:37:17-68
62                android:value="androidx.startup" />
62-->[androidx.work:work-runtime:2.7.1] AndroidManifest.xml:38:17-49
63        </provider>
64
65        <service
65-->[androidx.work:work-runtime:2.7.1] AndroidManifest.xml:41:9-46:35
66            android:name="androidx.work.impl.background.systemalarm.SystemAlarmService"
66-->[androidx.work:work-runtime:2.7.1] AndroidManifest.xml:42:13-88
67            android:directBootAware="false"
67-->[androidx.work:work-runtime:2.7.1] AndroidManifest.xml:43:13-44
68            android:enabled="@bool/enable_system_alarm_service_default"
68-->[androidx.work:work-runtime:2.7.1] AndroidManifest.xml:44:13-72
69            android:exported="false" />
69-->[androidx.work:work-runtime:2.7.1] AndroidManifest.xml:45:13-37
70        <service
70-->[androidx.work:work-runtime:2.7.1] AndroidManifest.xml:47:9-53:35
71            android:name="androidx.work.impl.background.systemjob.SystemJobService"
71-->[androidx.work:work-runtime:2.7.1] AndroidManifest.xml:48:13-84
72            android:directBootAware="false"
72-->[androidx.work:work-runtime:2.7.1] AndroidManifest.xml:49:13-44
73            android:enabled="@bool/enable_system_job_service_default"
73-->[androidx.work:work-runtime:2.7.1] AndroidManifest.xml:50:13-70
74            android:exported="true"
74-->[androidx.work:work-runtime:2.7.1] AndroidManifest.xml:51:13-36
75            android:permission="android.permission.BIND_JOB_SERVICE" />
75-->[androidx.work:work-runtime:2.7.1] AndroidManifest.xml:52:13-69
76        <service
76-->[androidx.work:work-runtime:2.7.1] AndroidManifest.xml:54:9-59:35
77            android:name="androidx.work.impl.foreground.SystemForegroundService"
77-->[androidx.work:work-runtime:2.7.1] AndroidManifest.xml:55:13-81
78            android:directBootAware="false"
78-->[androidx.work:work-runtime:2.7.1] AndroidManifest.xml:56:13-44
79            android:enabled="@bool/enable_system_foreground_service_default"
79-->[androidx.work:work-runtime:2.7.1] AndroidManifest.xml:57:13-77
80            android:exported="false" />
80-->[androidx.work:work-runtime:2.7.1] AndroidManifest.xml:58:13-37
81
82        <receiver
82-->[androidx.work:work-runtime:2.7.1] AndroidManifest.xml:61:9-66:35
83            android:name="androidx.work.impl.utils.ForceStopRunnable$BroadcastReceiver"
83-->[androidx.work:work-runtime:2.7.1] AndroidManifest.xml:62:13-88
84            android:directBootAware="false"
84-->[androidx.work:work-runtime:2.7.1] AndroidManifest.xml:63:13-44
85            android:enabled="true"
85-->[androidx.work:work-runtime:2.7.1] AndroidManifest.xml:64:13-35
86            android:exported="false" />
86-->[androidx.work:work-runtime:2.7.1] AndroidManifest.xml:65:13-37
87        <receiver
87-->[androidx.work:work-runtime:2.7.1] AndroidManifest.xml:67:9-77:20
88            android:name="androidx.work.impl.background.systemalarm.ConstraintProxy$BatteryChargingProxy"
88-->[androidx.work:work-runtime:2.7.1] AndroidManifest.xml:68:13-106
89            android:directBootAware="false"
89-->[androidx.work:work-runtime:2.7.1] AndroidManifest.xml:69:13-44
90            android:enabled="false"
90-->[androidx.work:work-runtime:2.7.1] AndroidManifest.xml:70:13-36
91            android:exported="false" >
91-->[androidx.work:work-runtime:2.7.1] AndroidManifest.xml:71:13-37
92            <intent-filter>
92-->[androidx.work:work-runtime:2.7.1] AndroidManifest.xml:73:13-76:29
93                <action android:name="android.intent.action.ACTION_POWER_CONNECTED" />
93-->[androidx.work:work-runtime:2.7.1] AndroidManifest.xml:74:17-87
93-->[androidx.work:work-runtime:2.7.1] AndroidManifest.xml:74:25-84
94                <action android:name="android.intent.action.ACTION_POWER_DISCONNECTED" />
94-->[androidx.work:work-runtime:2.7.1] AndroidManifest.xml:75:17-90
94-->[androidx.work:work-runtime:2.7.1] AndroidManifest.xml:75:25-87
95            </intent-filter>
96        </receiver>
97        <receiver
97-->[androidx.work:work-runtime:2.7.1] AndroidManifest.xml:78:9-88:20
98            android:name="androidx.work.impl.background.systemalarm.ConstraintProxy$BatteryNotLowProxy"
98-->[androidx.work:work-runtime:2.7.1] AndroidManifest.xml:79:13-104
99            android:directBootAware="false"
99-->[androidx.work:work-runtime:2.7.1] AndroidManifest.xml:80:13-44
100            android:enabled="false"
100-->[androidx.work:work-runtime:2.7.1] AndroidManifest.xml:81:13-36
101            android:exported="false" >
101-->[androidx.work:work-runtime:2.7.1] AndroidManifest.xml:82:13-37
102            <intent-filter>
102-->[androidx.work:work-runtime:2.7.1] AndroidManifest.xml:84:13-87:29
103                <action android:name="android.intent.action.BATTERY_OKAY" />
103-->[androidx.work:work-runtime:2.7.1] AndroidManifest.xml:85:17-77
103-->[androidx.work:work-runtime:2.7.1] AndroidManifest.xml:85:25-74
104                <action android:name="android.intent.action.BATTERY_LOW" />
104-->[androidx.work:work-runtime:2.7.1] AndroidManifest.xml:86:17-76
104-->[androidx.work:work-runtime:2.7.1] AndroidManifest.xml:86:25-73
105            </intent-filter>
106        </receiver>
107        <receiver
107-->[androidx.work:work-runtime:2.7.1] AndroidManifest.xml:89:9-99:20
108            android:name="androidx.work.impl.background.systemalarm.ConstraintProxy$StorageNotLowProxy"
108-->[androidx.work:work-runtime:2.7.1] AndroidManifest.xml:90:13-104
109            android:directBootAware="false"
109-->[androidx.work:work-runtime:2.7.1] AndroidManifest.xml:91:13-44
110            android:enabled="false"
110-->[androidx.work:work-runtime:2.7.1] AndroidManifest.xml:92:13-36
111            android:exported="false" >
111-->[androidx.work:work-runtime:2.7.1] AndroidManifest.xml:93:13-37
112            <intent-filter>
112-->[androidx.work:work-runtime:2.7.1] AndroidManifest.xml:95:13-98:29
113                <action android:name="android.intent.action.DEVICE_STORAGE_LOW" />
113-->[androidx.work:work-runtime:2.7.1] AndroidManifest.xml:96:17-83
113-->[androidx.work:work-runtime:2.7.1] AndroidManifest.xml:96:25-80
114                <action android:name="android.intent.action.DEVICE_STORAGE_OK" />
114-->[androidx.work:work-runtime:2.7.1] AndroidManifest.xml:97:17-82
114-->[androidx.work:work-runtime:2.7.1] AndroidManifest.xml:97:25-79
115            </intent-filter>
116        </receiver>
117        <receiver
117-->[androidx.work:work-runtime:2.7.1] AndroidManifest.xml:100:9-109:20
118            android:name="androidx.work.impl.background.systemalarm.ConstraintProxy$NetworkStateProxy"
118-->[androidx.work:work-runtime:2.7.1] AndroidManifest.xml:101:13-103
119            android:directBootAware="false"
119-->[androidx.work:work-runtime:2.7.1] AndroidManifest.xml:102:13-44
120            android:enabled="false"
120-->[androidx.work:work-runtime:2.7.1] AndroidManifest.xml:103:13-36
121            android:exported="false" >
121-->[androidx.work:work-runtime:2.7.1] AndroidManifest.xml:104:13-37
122            <intent-filter>
122-->[androidx.work:work-runtime:2.7.1] AndroidManifest.xml:106:13-108:29
123                <action android:name="android.net.conn.CONNECTIVITY_CHANGE" />
123-->[androidx.work:work-runtime:2.7.1] AndroidManifest.xml:107:17-79
123-->[androidx.work:work-runtime:2.7.1] AndroidManifest.xml:107:25-76
124            </intent-filter>
125        </receiver>
126        <receiver
126-->[androidx.work:work-runtime:2.7.1] AndroidManifest.xml:110:9-121:20
127            android:name="androidx.work.impl.background.systemalarm.RescheduleReceiver"
127-->[androidx.work:work-runtime:2.7.1] AndroidManifest.xml:111:13-88
128            android:directBootAware="false"
128-->[androidx.work:work-runtime:2.7.1] AndroidManifest.xml:112:13-44
129            android:enabled="false"
129-->[androidx.work:work-runtime:2.7.1] AndroidManifest.xml:113:13-36
130            android:exported="false" >
130-->[androidx.work:work-runtime:2.7.1] AndroidManifest.xml:114:13-37
131            <intent-filter>
131-->[androidx.work:work-runtime:2.7.1] AndroidManifest.xml:116:13-120:29
132                <action android:name="android.intent.action.BOOT_COMPLETED" />
132-->[androidx.work:work-runtime:2.7.1] AndroidManifest.xml:117:17-79
132-->[androidx.work:work-runtime:2.7.1] AndroidManifest.xml:117:25-76
133                <action android:name="android.intent.action.TIME_SET" />
133-->[androidx.work:work-runtime:2.7.1] AndroidManifest.xml:118:17-73
133-->[androidx.work:work-runtime:2.7.1] AndroidManifest.xml:118:25-70
134                <action android:name="android.intent.action.TIMEZONE_CHANGED" />
134-->[androidx.work:work-runtime:2.7.1] AndroidManifest.xml:119:17-81
134-->[androidx.work:work-runtime:2.7.1] AndroidManifest.xml:119:25-78
135            </intent-filter>
136        </receiver>
137        <receiver
137-->[androidx.work:work-runtime:2.7.1] AndroidManifest.xml:122:9-131:20
138            android:name="androidx.work.impl.background.systemalarm.ConstraintProxyUpdateReceiver"
138-->[androidx.work:work-runtime:2.7.1] AndroidManifest.xml:123:13-99
139            android:directBootAware="false"
139-->[androidx.work:work-runtime:2.7.1] AndroidManifest.xml:124:13-44
140            android:enabled="@bool/enable_system_alarm_service_default"
140-->[androidx.work:work-runtime:2.7.1] AndroidManifest.xml:125:13-72
141            android:exported="false" >
141-->[androidx.work:work-runtime:2.7.1] AndroidManifest.xml:126:13-37
142            <intent-filter>
142-->[androidx.work:work-runtime:2.7.1] AndroidManifest.xml:128:13-130:29
143                <action android:name="androidx.work.impl.background.systemalarm.UpdateProxies" />
143-->[androidx.work:work-runtime:2.7.1] AndroidManifest.xml:129:17-98
143-->[androidx.work:work-runtime:2.7.1] AndroidManifest.xml:129:25-95
144            </intent-filter>
145        </receiver>
146        <receiver
146-->[androidx.work:work-runtime:2.7.1] AndroidManifest.xml:132:9-142:20
147            android:name="androidx.work.impl.diagnostics.DiagnosticsReceiver"
147-->[androidx.work:work-runtime:2.7.1] AndroidManifest.xml:133:13-78
148            android:directBootAware="false"
148-->[androidx.work:work-runtime:2.7.1] AndroidManifest.xml:134:13-44
149            android:enabled="true"
149-->[androidx.work:work-runtime:2.7.1] AndroidManifest.xml:135:13-35
150            android:exported="true"
150-->[androidx.work:work-runtime:2.7.1] AndroidManifest.xml:136:13-36
151            android:permission="android.permission.DUMP" >
151-->[androidx.work:work-runtime:2.7.1] AndroidManifest.xml:137:13-57
152            <intent-filter>
152-->[androidx.work:work-runtime:2.7.1] AndroidManifest.xml:139:13-141:29
153                <action android:name="androidx.work.diagnostics.REQUEST_DIAGNOSTICS" />
153-->[androidx.work:work-runtime:2.7.1] AndroidManifest.xml:140:17-88
153-->[androidx.work:work-runtime:2.7.1] AndroidManifest.xml:140:25-85
154            </intent-filter>
155        </receiver>
156
157        <service
157-->[androidx.room:room-runtime:2.2.5] AndroidManifest.xml:25:9-28:40
158            android:name="androidx.room.MultiInstanceInvalidationService"
158-->[androidx.room:room-runtime:2.2.5] AndroidManifest.xml:26:13-74
159            android:directBootAware="true"
159-->[androidx.room:room-runtime:2.2.5] AndroidManifest.xml:27:13-43
160            android:exported="false" /> <!-- Needs to be explicitly declared on P+ -->
160-->[androidx.room:room-runtime:2.2.5] AndroidManifest.xml:28:13-37
161        <uses-library
161-->[com.google.android.gms:play-services-maps:18.0.2] AndroidManifest.xml:39:9-41:40
162            android:name="org.apache.http.legacy"
162-->[com.google.android.gms:play-services-maps:18.0.2] AndroidManifest.xml:40:13-50
163            android:required="false" />
163-->[com.google.android.gms:play-services-maps:18.0.2] AndroidManifest.xml:41:13-37
164
165        <activity
165-->[com.google.android.gms:play-services-base:18.1.0] AndroidManifest.xml:20:9-22:45
166            android:name="com.google.android.gms.common.api.GoogleApiActivity"
166-->[com.google.android.gms:play-services-base:18.1.0] AndroidManifest.xml:20:19-85
167            android:exported="false"
167-->[com.google.android.gms:play-services-base:18.1.0] AndroidManifest.xml:22:19-43
168            android:theme="@android:style/Theme.Translucent.NoTitleBar" />
168-->[com.google.android.gms:play-services-base:18.1.0] AndroidManifest.xml:21:19-78
169
170        <meta-data
170-->[com.google.android.gms:play-services-basement:18.1.0] AndroidManifest.xml:21:9-23:69
171            android:name="com.google.android.gms.version"
171-->[com.google.android.gms:play-services-basement:18.1.0] AndroidManifest.xml:22:13-58
172            android:value="@integer/google_play_services_version" />
172-->[com.google.android.gms:play-services-basement:18.1.0] AndroidManifest.xml:23:13-66
173    </application>
174
175</manifest>